Build started 5/21/2015 1:10:16 AM.
     1>Project "C:\Users\Administrator\Documents\GitHub\Engine\Component System\Component System.vcxproj" on node 3 (Build target(s)).
     1>ClCompile:
         C:\Program Files (x86)\Microsoft Visual Studio 12.0\VC\bin\x86_amd64\CL.exe /c /I..\Source\Core /Zi /nologo /W3 /WX /sdl /Od /D WIN32 /D _DEBUG /D _CONSOLE /D _LIB /D _UNICODE /D UNICODE /Gm /EHsc /RTC1 /MDd /GS /fp:precise /Zc:wchar_t /Zc:forScope /Fo"x64\Debug\\" /Fd"x64\Debug\vc120.pdb" /Gd /TP /FIUtilities/UtilitiesInclude.h /errorReport:prompt ..\Source\Core\Components\ComponentFactory.cpp ..\Source\Core\Components\EntityFactory.cpp
         EntityFactory.cpp
     1>c:\users\administrator\documents\github\engine\source\core\components\ComponentFactory.h(30): error C2061: syntax error : identifier 'ComponentID'
     1>..\Source\Core\Components\EntityFactory.cpp(43): error C2660: 'ComponentFactory::CreateComponent' : function does not take 1 arguments
         ComponentFactory.cpp
     1>c:\users\administrator\documents\github\engine\source\core\components\ComponentFactory.h(30): error C2061: syntax error : identifier 'ComponentID'
     1>..\Source\Core\Components\ComponentFactory.cpp(26): error C2065: 'ComponentID' : undeclared identifier
     1>..\Source\Core\Components\ComponentFactory.cpp(26): error C2146: syntax error : missing ')' before identifier 'componentID'
     1>..\Source\Core\Components\ComponentFactory.cpp(26): error C2059: syntax error : ')'
     1>..\Source\Core\Components\ComponentFactory.cpp(27): error C2143: syntax error : missing ';' before '{'
     1>..\Source\Core\Components\ComponentFactory.cpp(27): error C2447: '{' : missing function header (old-style formal list?)
         Generating Code...
     1>Done Building Project "C:\Users\Administrator\Documents\GitHub\Engine\Component System\Component System.vcxproj" (Build target(s)) -- FAILED.

Build FAILED.

Time Elapsed 00:00:04.51
